2025-11-18 11:59:55 - === 开始执行系统巡检 ===
2025-11-18 11:59:55 - 开始系统巡检...
2025-11-18 11:59:55 - 已创建默认配置文件: /root/system_monitor_script/bin/../config/monitor.conf
2025-11-18 11:59:55 - 检查磁盘使用情况...
2025-11-18 11:59:55 - WARNING: 磁盘使用率过高: /meida (100%)
2025-11-18 11:59:55 - 检查内存使用情况...
2025-11-18 11:59:55 - 检查系统负载...
2025-11-18 11:59:55 - 检查核心服务状态...
2025-11-18 11:59:55 - 准备发送邮件报告...
2025-11-18 11:59:55 - 邮件报告已发送至: admin@example.com
2025-11-18 11:59:55 - ✅ 所有检查项正常，系统运行良好
2025-11-18 11:59:55 - === 系统巡检完成 ===
2025-11-18 11:59:55 - 报告文件: /root/system_monitor_script/bin/../templates/daily_report_20251118.html
2025-11-18 11:59:55 - 日志文件: /root/system_monitor_script/bin/../logs/system_check_20251118.log
2025-11-18 13:22:54 - === 开始执行系统巡检 ===
2025-11-18 13:22:54 - 开始系统巡检...
2025-11-18 13:22:54 - 检查磁盘使用情况...
2025-11-18 13:22:54 - WARNING: 磁盘使用率过高: /meida (100%)
2025-11-18 13:22:54 - 检查内存使用情况...
2025-11-18 13:22:54 - 检查系统负载...
2025-11-18 13:22:54 - 检查核心服务状态...
2025-11-18 13:22:54 - 准备发送邮件报告...
2025-11-18 13:22:54 - 邮件报告已发送至: admin@example.com
2025-11-18 13:22:54 - ✅ 所有检查项正常，系统运行良好
2025-11-18 13:22:54 - === 系统巡检完成 ===
2025-11-18 13:22:54 - 报告文件: /root/system_monitor_script/bin/../templates/daily_report_20251118.html
2025-11-18 13:22:54 - 日志文件: /root/system_monitor_script/bin/../logs/system_check_20251118.log
2025-11-18 13:41:29 - === 开始执行系统巡检 ===
2025-11-18 13:41:29 - 开始系统巡检...
2025-11-18 13:41:29 - 检查磁盘使用情况...
2025-11-18 13:41:29 - WARNING: 磁盘使用率过高: /meida (100%)
2025-11-18 13:41:29 - 检查内存使用情况...
2025-11-18 13:41:29 - 检查系统负载...
2025-11-18 13:41:29 - 检查核心服务状态...
2025-11-18 13:41:29 - 准备发送邮件报告...
2025-11-18 13:41:29 - 邮件报告已发送至: admin@example.com
2025-11-18 13:41:29 - ✅ 所有检查项正常，系统运行良好
2025-11-18 13:41:29 - === 系统巡检完成 ===
2025-11-18 13:41:29 - 报告文件: /root/system_monitor_script/bin/../templates/daily_report_20251118.html
2025-11-18 13:41:29 - 日志文件: /root/system_monitor_script/bin/../logs/system_check_20251118.log
